2025-06-23 13:03:59,705 | INFO | ▶️ Начало: https://www.youtube.com/watch?v=JGb7ZHXmEJ0
2025-06-23 13:09:40,309 | INFO | ✅ Файл: video_20250623_001.mp4
2025-06-23 13:10:12,704 | INFO | 🗑️ Удалён файл: downloads/video_20250623_001.mp4
2025-06-23 13:14:02,163 | INFO | ▶️ Начало: https://www.youtube.com/watch?v=WkIvs71yWe0
2025-06-23 13:14:08,875 | INFO | ✅ Файл: wawan_20250623_001.mp4
2025-06-23 13:14:09,917 | INFO | 🗑️ Удалён файл: downloads/wawan_20250623_001.mp4
2025-06-23 13:14:22,074 | INFO | ▶️ Начало: https://www.youtube.com/watch?v=JGb7ZHXmEJ0
2025-06-23 13:15:45,453 | INFO | ▶️ Начало: https://www.youtube.com/watch?v=xZP4-WX-V6M
2025-06-23 13:18:23,399 | INFO | ✅ Файл: wawan_20250623_003.f616.mp4.ytdl
2025-06-23 13:18:23,401 | INFO | ✅ Файл: wawan_20250623_001.f616.mp4.ytdl
2025-06-23 13:18:23,402 | INFO | 🗑️ Удалён файл: downloads/wawan_20250623_003.f616.mp4.ytdl
2025-06-23 13:18:23,403 | INFO | 🗑️ Удалён файл: downloads/wawan_20250623_001.f616.mp4.ytdl
2025-06-23 13:19:26,091 | INFO | ▶️ Начало: https://www.youtube.com/watch?v=xZP4-WX-V6M
2025-06-23 13:19:56,195 | INFO | ▶️ Начало: https://www.youtube.com/watch?v=JGb7ZHXmEJ0
2025-06-23 13:20:50,648 | INFO | ▶️ Начало: https://www.youtube.com/watch?v=xZP4-WX-V6M
2025-06-23 13:21:15,908 | INFO | ▶️ Начало: https://www.youtube.com/watch?v=JGb7ZHXmEJ0
2025-06-23 13:21:32,932 | INFO | ✅ Файл: wawan_20250623_003.f140.m4a
2025-06-23 13:21:32,980 | INFO | 🗑️ Удалён файл: downloads/wawan_20250623_003.f140.m4a
2025-06-23 13:23:01,230 | INFO | ✅ Файл: wawan_20250623_006.f140.m4a
2025-06-23 13:23:01,469 | INFO | 🗑️ Удалён файл: downloads/wawan_20250623_006.f140.m4a
2025-06-23 13:32:20,139 | INFO | ▶️ Начало: https://www.youtube.com/watch?v=xZP4-WX-V6M
2025-06-23 13:33:30,997 | INFO | ▶️ Начало: https://www.youtube.com/watch?v=xZP4-WX-V6M
2025-06-23 13:34:31,840 | INFO | ✅ Файл: wawan_20250623_006.f140.m4a
2025-06-23 13:34:32,587 | INFO | 🗑️ Удалён файл: downloads/wawan_20250623_006.f140.m4a
2025-06-23 13:35:41,615 | INFO | ✅ Файл: wawan_20250623_008.f140.m4a
2025-06-23 13:35:41,986 | INFO | 🗑️ Удалён файл: downloads/wawan_20250623_008.f140.m4a
2025-06-23 13:37:32,560 | INFO | ▶️ Начало: https://www.youtube.com/watch?v=xZP4-WX-V6M
2025-06-23 13:37:38,880 | INFO | ▶️ Начало: https://www.youtube.com/watch?v=xZP4-WX-V6M
2025-06-23 13:39:45,845 | INFO | ✅ Файл: wawan_20250623_004.f140.m4a
2025-06-23 13:39:47,038 | INFO | 🗑️ Удалён файл: downloads/wawan_20250623_004.f140.m4a
2025-06-23 13:39:52,329 | INFO | ✅ Файл: wawan_20250623_004.f140.m4a
2025-06-23 13:39:53,052 | INFO | 🗑️ Удалён файл: downloads/wawan_20250623_004.f140.m4a
2025-06-23 13:40:59,391 | INFO | ✅ Файл: wawan_20250623_004.f140.m4a
2025-06-23 13:40:59,835 | INFO | 🗑️ Удалён файл: downloads/wawan_20250623_004.f140.m4a
2025-06-23 13:42:14,630 | INFO | ✅ Файл: wawan_20250623_008.f140.m4a
2025-06-23 13:42:17,134 | INFO | 🗑️ Удалён файл: downloads/wawan_20250623_008.f140.m4a
2025-06-23 15:27:15,141 | INFO | ▶️ Начало: https://www.youtube.com/watch?v=xZP4-WX-V6M
2025-06-23 15:28:52,163 | INFO | ✅ Файл: wawan_20250623_001.mp4
2025-06-23 15:28:56,636 | INFO | 🗑️ Удалён файл: downloads/wawan_20250623_001.mp4
2025-06-23 15:29:07,872 | INFO | ▶️ Начало: https://www.youtube.com/watch?v=xZP4-WX-V6M
2025-06-23 15:29:53,135 | INFO | ✅ Файл: wawan_20250623_001.mp4
2025-06-23 15:29:57,276 | INFO | 🗑️ Удалён файл: downloads/wawan_20250623_001.mp4
2025-06-23 15:30:06,091 | INFO | ▶️ Начало: https://www.youtube.com/watch?v=JGb7ZHXmEJ0
2025-06-23 15:35:55,638 | INFO | ▶️ Начало: https://www.youtube.com/watch?v=JGb7ZHXmEJ0
2025-06-23 15:35:55,639 | INFO | ✅ Файл: wawan_20250623_001.mp4
2025-06-23 15:36:00,351 | INFO | 🗑️ Удалён файл: downloads/wawan_20250623_001.mp4
2025-06-23 15:36:56,692 | INFO | ▶️ Начало: https://www.youtube.com/watch?v=JGb7ZHXmEJ0
2025-06-23 15:37:51,057 | INFO | ▶️ Начало: https://www.youtube.com/watch?v=JGb7ZHXmEJ0
2025-06-23 15:38:24,036 | INFO | ▶️ Начало: https://www.youtube.com/watch?v=JGb7ZHXmEJ0
2025-06-23 15:38:54,610 | INFO | ✅ Файл: wawan_20250623_005.mp3
2025-06-23 15:38:54,611 | INFO | ✅ Файл: wawan_20250623_007.webm
2025-06-23 15:38:54,653 | INFO | ✅ Файл: wawan_20250623_003.webm
2025-06-23 15:38:54,659 | INFO | ✅ Файл: wawan_20250623_004.mp3
2025-06-23 15:38:54,774 | INFO | 🗑️ Удалён файл: downloads/wawan_20250623_005.mp3
2025-06-23 15:38:55,108 | INFO | 🗑️ Удалён файл: downloads/wawan_20250623_004.mp3
2025-06-23 15:38:55,475 | INFO | 🗑️ Удалён файл: downloads/wawan_20250623_007.webm
2025-06-23 15:38:55,486 | INFO | 🗑️ Удалён файл: downloads/wawan_20250623_003.webm
2025-06-23 15:39:32,321 | INFO | ▶️ Начало: https://www.youtube.com/watch?v=JGb7ZHXmEJ0
2025-06-23 15:40:11,388 | INFO | ✅ Файл: wawan_20250623_005.mp3
2025-06-23 15:40:11,431 | INFO | 🗑️ Удалён файл: downloads/wawan_20250623_005.mp3
2025-06-23 15:40:34,117 | INFO | ▶️ Начало: https://www.youtube.com/watch?v=xZP4-WX-V6M
2025-06-23 15:41:04,363 | INFO | ✅ Файл: wawan_20250623_005.webm
2025-06-23 15:41:07,032 | INFO | 🗑️ Удалён файл: downloads/wawan_20250623_005.webm
2025-06-23 15:42:29,540 | INFO | ▶️ Начало: https://www.youtube.com/watch?v=xZP4-WX-V6M
2025-06-23 15:44:30,433 | INFO | ✅ Файл: wawan_20250623_006.f140.m4a
2025-06-23 15:44:31,071 | INFO | 🗑️ Удалён файл: downloads/wawan_20250623_006.f140.m4a
2025-06-23 15:44:56,556 | INFO | ▶️ Начало: https://www.youtube.com/watch?v=xZP4-WX-V6M
2025-06-23 15:47:04,170 | INFO | ✅ Файл: wawan_20250623_006.f140.m4a
2025-06-23 15:47:04,625 | INFO | 🗑️ Удалён файл: downloads/wawan_20250623_006.f140.m4a
2025-06-23 15:47:45,891 | INFO | ▶️ Начало: https://www.youtube.com/watch?v=xZP4-WX-V6M
2025-06-23 15:49:52,057 | INFO | ✅ Файл: wawan_20250623_006.f140.m4a
2025-06-23 15:49:52,542 | INFO | 🗑️ Удалён файл: downloads/wawan_20250623_006.f140.m4a
2025-06-23 15:50:13,497 | INFO | ▶️ Начало: https://www.youtube.com/watch?v=xZP4-WX-V6M
2025-06-23 15:50:26,833 | INFO | ✅ Файл: wawan_20250623_001.mp4
2025-06-23 15:50:27,591 | INFO | 🗑️ Удалён файл: downloads/wawan_20250623_001.mp4
2025-06-23 15:50:50,977 | INFO | ▶️ Начало: https://www.youtube.com/watch?v=xZP4-WX-V6M
2025-06-23 15:53:05,325 | INFO | ✅ Файл: wawan_20250623_001.f140.m4a
2025-06-23 15:53:05,752 | INFO | 🗑️ Удалён файл: downloads/wawan_20250623_001.f140.m4a
2025-06-23 15:54:25,956 | INFO | ▶️ Начало: https://www.youtube.com/watch?v=xZP4-WX-V6M
2025-06-23 15:56:43,611 | INFO | ✅ Файл: wawan_20250623_001.f140.m4a
2025-06-23 15:56:44,403 | INFO | 🗑️ Удалён файл: downloads/wawan_20250623_001.f140.m4a
2025-06-23 20:24:16,162 | INFO | ▶️ Начало: https://www.youtube.com/watch?v=xZP4-WX-V6M
2025-06-23 20:25:05,815 | INFO | ✅ Файл: wawan_20250623_001.mp4
2025-06-23 20:25:11,010 | INFO | 🗑️ Удалён файл: downloads/wawan_20250623_001.mp4
2025-06-23 20:25:58,271 | INFO | ▶️ Начало: https://www.youtube.com/watch?v=xZP4-WX-V6M
2025-06-23 20:26:48,856 | INFO | ✅ Файл: wawan_20250623_001.mp4
2025-06-23 20:26:52,687 | INFO | 🗑️ Удалён файл: downloads/wawan_20250623_001.mp4
2025-06-23 20:28:50,198 | INFO | ▶️ Начало: https://www.youtube.com/watch?v=xZP4-WX-V6M
2025-06-23 20:29:40,345 | INFO | ✅ Файл: wawan_20250623_001.mp4
2025-06-23 20:29:44,209 | INFO | 🗑️ Удалён файл: downloads/wawan_20250623_001.mp4
2025-06-23 20:29:54,250 | INFO | ▶️ Начало: https://www.youtube.com/watch?v=JGb7ZHXmEJ0
2025-06-23 20:37:03,025 | INFO | ✅ Файл: wawan_20250623_001.mp4
2025-06-23 20:37:27,134 | INFO | 🗑️ Удалён файл: downloads/wawan_20250623_001.mp4
2025-06-23 20:44:19,456 | INFO | ▶️ Начало: https://www.youtube.com/watch?v=JGb7ZHXmEJ0
2025-06-23 20:51:04,902 | INFO | ✅ Файл: wawan_20250623_001.mp4
2025-06-23 20:51:31,308 | INFO | 🗑️ Удалён файл: downloads/wawan_20250623_001.mp4
2025-06-23 20:52:04,962 | INFO | ▶️ Начало: https://www.youtube.com/watch?v=JGb7ZHXmEJ0
2025-06-23 20:52:31,377 | INFO | ▶️ Начало: https://www.youtube.com/watch?v=JGb7ZHXmEJ0
2025-06-23 21:08:50,406 | INFO | ▶️ Начало: https://www.youtube.com/watch?v=xZP4-WX-V6M
2025-06-23 21:11:04,967 | INFO | ✅ Файл: wawan_20250623_005.f140.m4a
2025-06-23 21:11:05,196 | INFO | 🗑️ Удалён файл: downloads/wawan_20250623_005.f140.m4a
2025-06-23 21:13:59,231 | INFO | ✅ Файл: wawan_20250623_001.f140.m4a
2025-06-23 21:14:02,916 | INFO | 🗑️ Удалён файл: downloads/wawan_20250623_001.f140.m4a
2025-06-23 21:14:25,376 | INFO | ✅ Файл: wawan_20250623_003.f140.m4a
2025-06-23 21:14:27,907 | INFO | 🗑️ Удалён файл: downloads/wawan_20250623_003.f140.m4a
2025-06-23 21:16:30,197 | INFO | ▶️ Начало: https://www.youtube.com/watch?v=xZP4-WX-V6M
2025-06-23 21:18:04,370 | INFO | ✅ Файл: wawan_20250623_001.f616.mp4.ytdl
2025-06-23 21:18:04,371 | INFO | 🗑️ Удалён файл: downloads/wawan_20250623_001.f616.mp4.ytdl
2025-06-23 21:21:40,699 | INFO | 🧹 Удалён файл: downloads/Bob_Sinclar_mixe_par_surprise_sur_un_balcon_parisien_|_Deezer_Session_20250623_001.f140.m4a
2025-06-23 21:29:53,631 | INFO | 🧹 Удалён файл: downloads/Bob_Sinclar_mixe_par_surprise_sur_un_balcon_parisien_|_Deezer_Session_20250623_212754.f140.m4a
2025-06-23 21:33:05,736 | INFO | 🧹 Удалён файл: downloads/Bob_Sinclar_mixe_par_surprise_sur_un_balcon_parisien_|_Deezer_Session_20250623_213101.f140.m4a
